<component name="libraryTable">
  <library name="JUnit4">
    <CLASSES>
      <root url="jar://$PROJECT_DIR$/lib/junit-4.121.jar!/" />
      <root url="jar://$PROJECT_DIR$/lib/hamcrest-core-1.31.jar!/" />
    </CLASSES>
    <JAVADOC />
    <SOURCES />
  </library>
</component>