<component name="libraryTable">
  <library name="junit-jupiter-api-5.5.2">
    <CLASSES>
      <root url="jar://$PROJECT_DIR$/lib/junit-jupiter-api-5.5.21.jar!/" />
      <root url="jar://$PROJECT_DIR$/lib/apiguardian-api-1.1.01.jar!/" />
      <root url="jar://$PROJECT_DIR$/lib/opentest4j-1.2.01.jar!/" />
      <root url="jar://$PROJECT_DIR$/lib/junit-platform-commons-1.5.21.jar!/" />
    </CLASSES>
    <JAVADOC />
    <SOURCES />
  </library>
</component>